error_logのメッセージ[19-Sep-2023 14:11:25 Asia/Tokyo] PHP Notice:  Undefined index:  in /home/httpd/app/src/functions.php on line 71
[19-Sep-2023 14:11:25 Asia/Tokyo] PHP Notice:  Undefined index:  in /home/httpd/app/src/functions.php on line 71
[19-Sep-2023 14:11:25 Asia/Tokyo] PHP Notice:  Undefined index:  in /home/httpd/app/src/functions.php on line 71
[19-Sep-2023 14:11:25 Asia/Tokyo] PHP Notice:  Undefined index:  in /home/httpd/app/src/functions.php on line 71
[19-Sep-2023 14:11:25 Asia/Tokyo] PHP Notice:  Undefined index:  in /home/httpd/app/src/functions.php on line 71
[19-Sep-2023 14:11:25 Asia/Tokyo] PHP Notice:  Undefined index:  in /home/httpd/app/src/functions.php on line 71
[19-Sep-2023 14:18:20 Asia/Tokyo] PHP Notice:  Undefined variable: name in /home/httpd/htdocs/user_create_confirm.php on line 4
error_logのメッセージ[19-Sep-2023 14:18:23 Asia/Tokyo] PHP Notice:  Undefined index:  in /home/httpd/app/src/functions.php on line 71
[19-Sep-2023 14:18:23 Asia/Tokyo] PHP Notice:  Undefined index:  in /home/httpd/app/src/functions.php on line 71
[19-Sep-2023 14:18:23 Asia/Tokyo] PHP Notice:  Undefined index:  in /home/httpd/app/src/functions.php on line 71
[19-Sep-2023 14:18:23 Asia/Tokyo] PHP Notice:  Undefined index:  in /home/httpd/app/src/functions.php on line 71
[19-Sep-2023 14:18:23 Asia/Tokyo] PHP Notice:  Undefined index:  in /home/httpd/app/src/functions.php on line 71
[19-Sep-2023 14:18:23 Asia/Tokyo] PHP Notice:  Undefined index:  in /home/httpd/app/src/functions.php on line 71
error_logのメッセージ[19-Sep-2023 14:18:54 Asia/Tokyo] PHP Notice:  Undefined index:  in /home/httpd/app/src/functions.php on line 71
[19-Sep-2023 14:18:54 Asia/Tokyo] PHP Notice:  Undefined index:  in /home/httpd/app/src/functions.php on line 71
[19-Sep-2023 14:18:54 Asia/Tokyo] PHP Notice:  Undefined index:  in /home/httpd/app/src/functions.php on line 71
[19-Sep-2023 14:18:54 Asia/Tokyo] PHP Notice:  Undefined index:  in /home/httpd/app/src/functions.php on line 71
[19-Sep-2023 14:18:54 Asia/Tokyo] PHP Notice:  Undefined index:  in /home/httpd/app/src/functions.php on line 71
[19-Sep-2023 14:18:54 Asia/Tokyo] PHP Notice:  Undefined index:  in /home/httpd/app/src/functions.php on line 71
[19-Sep-2023 14:21:16 Asia/Tokyo] PHP Fatal error:  Uncaught Error: Call to undefined function geAll() in /home/httpd/htdocs/user_list.php:13
Stack trace:
#0 {main}
  thrown in /home/httpd/htdocs/user_list.php on line 13
[19-Sep-2023 14:21:56 Asia/Tokyo] PHP Fatal error:  Uncaught Error: Call to undefined function geAll() in /home/httpd/htdocs/user_list.php:13
Stack trace:
#0 {main}
  thrown in /home/httpd/htdocs/user_list.php on line 13
error_logのメッセージ[19-Sep-2023 14:23:41 Asia/Tokyo] PHP Notice:  Undefined index:  in /home/httpd/app/src/functions.php on line 71
[19-Sep-2023 14:23:41 Asia/Tokyo] PHP Notice:  Undefined index:  in /home/httpd/app/src/functions.php on line 71
[19-Sep-2023 14:23:41 Asia/Tokyo] PHP Notice:  Undefined index:  in /home/httpd/app/src/functions.php on line 71
[19-Sep-2023 14:23:41 Asia/Tokyo] PHP Notice:  Undefined index:  in /home/httpd/app/src/functions.php on line 71
[19-Sep-2023 14:23:41 Asia/Tokyo] PHP Notice:  Undefined index:  in /home/httpd/app/src/functions.php on line 71
[19-Sep-2023 14:23:41 Asia/Tokyo] PHP Notice:  Undefined index:  in /home/httpd/app/src/functions.php on line 71
[19-Sep-2023 14:23:42 Asia/Tokyo] PHP Notice:  Undefined variable: name in /home/httpd/app/templates/user_create_input.html on line 18
[19-Sep-2023 14:23:42 Asia/Tokyo] PHP Notice:  Undefined variable: userType in /home/httpd/app/templates/user_create_input.html on line 30
[19-Sep-2023 14:23:42 Asia/Tokyo] PHP Notice:  Undefined variable: userType in /home/httpd/app/templates/user_create_input.html on line 32
[19-Sep-2023 14:23:42 Asia/Tokyo] PHP Notice:  Undefined variable: zodiac in /home/httpd/app/templates/user_create_input.html on line 42
[19-Sep-2023 14:23:42 Asia/Tokyo] PHP Notice:  Undefined variable: zodiac in /home/httpd/app/templates/user_create_input.html on line 42
[19-Sep-2023 14:23:42 Asia/Tokyo] PHP Notice:  Undefined variable: zodiac in /home/httpd/app/templates/user_create_input.html on line 42
[19-Sep-2023 14:23:42 Asia/Tokyo] PHP Notice:  Undefined variable: zodiac in /home/httpd/app/templates/user_create_input.html on line 42
[19-Sep-2023 14:23:42 Asia/Tokyo] PHP Notice:  Undefined variable: zodiac in /home/httpd/app/templates/user_create_input.html on line 42
[19-Sep-2023 14:23:42 Asia/Tokyo] PHP Notice:  Undefined variable: zodiac in /home/httpd/app/templates/user_create_input.html on line 42
[19-Sep-2023 14:23:42 Asia/Tokyo] PHP Notice:  Undefined variable: zodiac in /home/httpd/app/templates/user_create_input.html on line 42
[19-Sep-2023 14:23:42 Asia/Tokyo] PHP Notice:  Undefined variable: zodiac in /home/httpd/app/templates/user_create_input.html on line 42
[19-Sep-2023 14:23:42 Asia/Tokyo] PHP Notice:  Undefined variable: zodiac in /home/httpd/app/templates/user_create_input.html on line 42
[19-Sep-2023 14:23:42 Asia/Tokyo] PHP Notice:  Undefined variable: zodiac in /home/httpd/app/templates/user_create_input.html on line 42
[19-Sep-2023 14:23:42 Asia/Tokyo] PHP Notice:  Undefined variable: zodiac in /home/httpd/app/templates/user_create_input.html on line 42
[19-Sep-2023 14:23:42 Asia/Tokyo] PHP Notice:  Undefined variable: zodiac in /home/httpd/app/templates/user_create_input.html on line 42
[19-Sep-2023 14:23:42 Asia/Tokyo] PHP Notice:  Undefined variable: notice in /home/httpd/app/templates/user_create_input.html on line 50
[19-Sep-2023 14:24:15 Asia/Tokyo] PHP Notice:  Undefined variable: name in /home/httpd/htdocs/user_create_confirm.php on line 4
error_logのメッセージ[19-Sep-2023 14:24:25 Asia/Tokyo] PHP Notice:  Undefined index:  in /home/httpd/app/src/functions.php on line 71
[19-Sep-2023 14:24:25 Asia/Tokyo] PHP Notice:  Undefined index:  in /home/httpd/app/src/functions.php on line 71
[19-Sep-2023 14:24:25 Asia/Tokyo] PHP Notice:  Undefined index:  in /home/httpd/app/src/functions.php on line 71
[19-Sep-2023 14:24:25 Asia/Tokyo] PHP Notice:  Undefined index:  in /home/httpd/app/src/functions.php on line 71
[19-Sep-2023 14:24:25 Asia/Tokyo] PHP Notice:  Undefined index:  in /home/httpd/app/src/functions.php on line 71
[19-Sep-2023 14:24:25 Asia/Tokyo] PHP Notice:  Undefined index:  in /home/httpd/app/src/functions.php on line 71
error_logのメッセージ[19-Sep-2023 14:24:39 Asia/Tokyo] PHP Notice:  Undefined index:  in /home/httpd/app/src/functions.php on line 71
[19-Sep-2023 14:24:39 Asia/Tokyo] PHP Notice:  Undefined index:  in /home/httpd/app/src/functions.php on line 71
[19-Sep-2023 14:24:39 Asia/Tokyo] PHP Notice:  Undefined index:  in /home/httpd/app/src/functions.php on line 71
[19-Sep-2023 14:24:39 Asia/Tokyo] PHP Notice:  Undefined index:  in /home/httpd/app/src/functions.php on line 71
[19-Sep-2023 14:24:39 Asia/Tokyo] PHP Notice:  Undefined index:  in /home/httpd/app/src/functions.php on line 71
[19-Sep-2023 14:24:39 Asia/Tokyo] PHP Notice:  Undefined index:  in /home/httpd/app/src/functions.php on line 71
[19-Sep-2023 14:24:40 Asia/Tokyo] PHP Notice:  Undefined variable: name in /home/httpd/app/templates/user_create_input.html on line 18
[19-Sep-2023 14:24:40 Asia/Tokyo] PHP Notice:  Undefined variable: userType in /home/httpd/app/templates/user_create_input.html on line 30
[19-Sep-2023 14:24:40 Asia/Tokyo] PHP Notice:  Undefined variable: userType in /home/httpd/app/templates/user_create_input.html on line 32
[19-Sep-2023 14:24:40 Asia/Tokyo] PHP Notice:  Undefined variable: zodiac in /home/httpd/app/templates/user_create_input.html on line 42
[19-Sep-2023 14:24:40 Asia/Tokyo] PHP Notice:  Undefined variable: zodiac in /home/httpd/app/templates/user_create_input.html on line 42
[19-Sep-2023 14:24:40 Asia/Tokyo] PHP Notice:  Undefined variable: zodiac in /home/httpd/app/templates/user_create_input.html on line 42
[19-Sep-2023 14:24:40 Asia/Tokyo] PHP Notice:  Undefined variable: zodiac in /home/httpd/app/templates/user_create_input.html on line 42
[19-Sep-2023 14:24:40 Asia/Tokyo] PHP Notice:  Undefined variable: zodiac in /home/httpd/app/templates/user_create_input.html on line 42
[19-Sep-2023 14:24:40 Asia/Tokyo] PHP Notice:  Undefined variable: zodiac in /home/httpd/app/templates/user_create_input.html on line 42
[19-Sep-2023 14:24:40 Asia/Tokyo] PHP Notice:  Undefined variable: zodiac in /home/httpd/app/templates/user_create_input.html on line 42
[19-Sep-2023 14:24:40 Asia/Tokyo] PHP Notice:  Undefined variable: zodiac in /home/httpd/app/templates/user_create_input.html on line 42
[19-Sep-2023 14:24:40 Asia/Tokyo] PHP Notice:  Undefined variable: zodiac in /home/httpd/app/templates/user_create_input.html on line 42
[19-Sep-2023 14:24:40 Asia/Tokyo] PHP Notice:  Undefined variable: zodiac in /home/httpd/app/templates/user_create_input.html on line 42
[19-Sep-2023 14:24:40 Asia/Tokyo] PHP Notice:  Undefined variable: zodiac in /home/httpd/app/templates/user_create_input.html on line 42
[19-Sep-2023 14:24:40 Asia/Tokyo] PHP Notice:  Undefined variable: zodiac in /home/httpd/app/templates/user_create_input.html on line 42
[19-Sep-2023 14:24:40 Asia/Tokyo] PHP Notice:  Undefined variable: notice in /home/httpd/app/templates/user_create_input.html on line 50
[19-Sep-2023 14:25:14 Asia/Tokyo] PHP Notice:  Undefined variable: name in /home/httpd/htdocs/user_create_confirm.php on line 4
[19-Sep-2023 14:25:29 Asia/Tokyo] PHP Notice:  Undefined variable: name in /home/httpd/htdocs/user_create_confirm.php on line 4
[19-Sep-2023 14:26:13 Asia/Tokyo] PHP Notice:  Undefined variable: name in /home/httpd/app/templates/user_create_input.html on line 18
[19-Sep-2023 14:26:13 Asia/Tokyo] PHP Notice:  Undefined variable: userType in /home/httpd/app/templates/user_create_input.html on line 30
[19-Sep-2023 14:26:13 Asia/Tokyo] PHP Notice:  Undefined variable: userType in /home/httpd/app/templates/user_create_input.html on line 32
[19-Sep-2023 14:26:13 Asia/Tokyo] PHP Notice:  Undefined variable: zodiac in /home/httpd/app/templates/user_create_input.html on line 42
[19-Sep-2023 14:26:13 Asia/Tokyo] PHP Notice:  Undefined variable: zodiac in /home/httpd/app/templates/user_create_input.html on line 42
[19-Sep-2023 14:26:13 Asia/Tokyo] PHP Notice:  Undefined variable: zodiac in /home/httpd/app/templates/user_create_input.html on line 42
[19-Sep-2023 14:26:13 Asia/Tokyo] PHP Notice:  Undefined variable: zodiac in /home/httpd/app/templates/user_create_input.html on line 42
[19-Sep-2023 14:26:13 Asia/Tokyo] PHP Notice:  Undefined variable: zodiac in /home/httpd/app/templates/user_create_input.html on line 42
[19-Sep-2023 14:26:13 Asia/Tokyo] PHP Notice:  Undefined variable: zodiac in /home/httpd/app/templates/user_create_input.html on line 42
[19-Sep-2023 14:26:13 Asia/Tokyo] PHP Notice:  Undefined variable: zodiac in /home/httpd/app/templates/user_create_input.html on line 42
[19-Sep-2023 14:26:13 Asia/Tokyo] PHP Notice:  Undefined variable: zodiac in /home/httpd/app/templates/user_create_input.html on line 42
[19-Sep-2023 14:26:13 Asia/Tokyo] PHP Notice:  Undefined variable: zodiac in /home/httpd/app/templates/user_create_input.html on line 42
[19-Sep-2023 14:26:13 Asia/Tokyo] PHP Notice:  Undefined variable: zodiac in /home/httpd/app/templates/user_create_input.html on line 42
[19-Sep-2023 14:26:13 Asia/Tokyo] PHP Notice:  Undefined variable: zodiac in /home/httpd/app/templates/user_create_input.html on line 42
[19-Sep-2023 14:26:13 Asia/Tokyo] PHP Notice:  Undefined variable: zodiac in /home/httpd/app/templates/user_create_input.html on line 42
[19-Sep-2023 14:26:13 Asia/Tokyo] PHP Notice:  Undefined variable: notice in /home/httpd/app/templates/user_create_input.html on line 50
error_logのメッセージ[19-Sep-2023 14:26:15 Asia/Tokyo] PHP Notice:  Undefined index:  in /home/httpd/app/src/functions.php on line 71
[19-Sep-2023 14:26:15 Asia/Tokyo] PHP Notice:  Undefined index:  in /home/httpd/app/src/functions.php on line 71
[19-Sep-2023 14:26:15 Asia/Tokyo] PHP Notice:  Undefined index:  in /home/httpd/app/src/functions.php on line 71
[19-Sep-2023 14:26:15 Asia/Tokyo] PHP Notice:  Undefined index:  in /home/httpd/app/src/functions.php on line 71
[19-Sep-2023 14:26:15 Asia/Tokyo] PHP Notice:  Undefined index:  in /home/httpd/app/src/functions.php on line 71
[19-Sep-2023 14:26:15 Asia/Tokyo] PHP Notice:  Undefined index:  in /home/httpd/app/src/functions.php on line 71
[19-Sep-2023 14:26:17 Asia/Tokyo] PHP Notice:  Undefined variable: name in /home/httpd/app/templates/user_create_input.html on line 18
[19-Sep-2023 14:26:17 Asia/Tokyo] PHP Notice:  Undefined variable: userType in /home/httpd/app/templates/user_create_input.html on line 30
[19-Sep-2023 14:26:17 Asia/Tokyo] PHP Notice:  Undefined variable: userType in /home/httpd/app/templates/user_create_input.html on line 32
[19-Sep-2023 14:26:17 Asia/Tokyo] PHP Notice:  Undefined variable: zodiac in /home/httpd/app/templates/user_create_input.html on line 42
[19-Sep-2023 14:26:17 Asia/Tokyo] PHP Notice:  Undefined variable: zodiac in /home/httpd/app/templates/user_create_input.html on line 42
[19-Sep-2023 14:26:17 Asia/Tokyo] PHP Notice:  Undefined variable: zodiac in /home/httpd/app/templates/user_create_input.html on line 42
[19-Sep-2023 14:26:17 Asia/Tokyo] PHP Notice:  Undefined variable: zodiac in /home/httpd/app/templates/user_create_input.html on line 42
[19-Sep-2023 14:26:17 Asia/Tokyo] PHP Notice:  Undefined variable: zodiac in /home/httpd/app/templates/user_create_input.html on line 42
[19-Sep-2023 14:26:17 Asia/Tokyo] PHP Notice:  Undefined variable: zodiac in /home/httpd/app/templates/user_create_input.html on line 42
[19-Sep-2023 14:26:17 Asia/Tokyo] PHP Notice:  Undefined variable: zodiac in /home/httpd/app/templates/user_create_input.html on line 42
[19-Sep-2023 14:26:17 Asia/Tokyo] PHP Notice:  Undefined variable: zodiac in /home/httpd/app/templates/user_create_input.html on line 42
[19-Sep-2023 14:26:17 Asia/Tokyo] PHP Notice:  Undefined variable: zodiac in /home/httpd/app/templates/user_create_input.html on line 42
[19-Sep-2023 14:26:17 Asia/Tokyo] PHP Notice:  Undefined variable: zodiac in /home/httpd/app/templates/user_create_input.html on line 42
[19-Sep-2023 14:26:17 Asia/Tokyo] PHP Notice:  Undefined variable: zodiac in /home/httpd/app/templates/user_create_input.html on line 42
[19-Sep-2023 14:26:17 Asia/Tokyo] PHP Notice:  Undefined variable: zodiac in /home/httpd/app/templates/user_create_input.html on line 42
[19-Sep-2023 14:26:17 Asia/Tokyo] PHP Notice:  Undefined variable: notice in /home/httpd/app/templates/user_create_input.html on line 50
[19-Sep-2023 14:26:26 Asia/Tokyo] PHP Notice:  Undefined variable: name in /home/httpd/htdocs/user_create_confirm.php on line 4
[19-Sep-2023 14:28:23 Asia/Tokyo] PHP Notice:  Undefined variable: name in /home/httpd/app/templates/user_create_input.html on line 18
[19-Sep-2023 14:28:23 Asia/Tokyo] PHP Notice:  Undefined variable: userType in /home/httpd/app/templates/user_create_input.html on line 30
[19-Sep-2023 14:28:23 Asia/Tokyo] PHP Notice:  Undefined variable: userType in /home/httpd/app/templates/user_create_input.html on line 32
[19-Sep-2023 14:28:23 Asia/Tokyo] PHP Notice:  Undefined variable: zodiac in /home/httpd/app/templates/user_create_input.html on line 42
[19-Sep-2023 14:28:23 Asia/Tokyo] PHP Notice:  Undefined variable: zodiac in /home/httpd/app/templates/user_create_input.html on line 42
[19-Sep-2023 14:28:23 Asia/Tokyo] PHP Notice:  Undefined variable: zodiac in /home/httpd/app/templates/user_create_input.html on line 42
[19-Sep-2023 14:28:23 Asia/Tokyo] PHP Notice:  Undefined variable: zodiac in /home/httpd/app/templates/user_create_input.html on line 42
[19-Sep-2023 14:28:23 Asia/Tokyo] PHP Notice:  Undefined variable: zodiac in /home/httpd/app/templates/user_create_input.html on line 42
[19-Sep-2023 14:28:23 Asia/Tokyo] PHP Notice:  Undefined variable: zodiac in /home/httpd/app/templates/user_create_input.html on line 42
[19-Sep-2023 14:28:23 Asia/Tokyo] PHP Notice:  Undefined variable: zodiac in /home/httpd/app/templates/user_create_input.html on line 42
[19-Sep-2023 14:28:23 Asia/Tokyo] PHP Notice:  Undefined variable: zodiac in /home/httpd/app/templates/user_create_input.html on line 42
[19-Sep-2023 14:28:23 Asia/Tokyo] PHP Notice:  Undefined variable: zodiac in /home/httpd/app/templates/user_create_input.html on line 42
[19-Sep-2023 14:28:23 Asia/Tokyo] PHP Notice:  Undefined variable: zodiac in /home/httpd/app/templates/user_create_input.html on line 42
[19-Sep-2023 14:28:23 Asia/Tokyo] PHP Notice:  Undefined variable: zodiac in /home/httpd/app/templates/user_create_input.html on line 42
[19-Sep-2023 14:28:23 Asia/Tokyo] PHP Notice:  Undefined variable: zodiac in /home/httpd/app/templates/user_create_input.html on line 42
[19-Sep-2023 14:28:23 Asia/Tokyo] PHP Notice:  Undefined variable: notice in /home/httpd/app/templates/user_create_input.html on line 50
error_logのメッセージ[19-Sep-2023 14:28:24 Asia/Tokyo] PHP Notice:  Undefined index:  in /home/httpd/app/src/functions.php on line 71
[19-Sep-2023 14:28:24 Asia/Tokyo] PHP Notice:  Undefined index:  in /home/httpd/app/src/functions.php on line 71
[19-Sep-2023 14:28:24 Asia/Tokyo] PHP Notice:  Undefined index:  in /home/httpd/app/src/functions.php on line 71
[19-Sep-2023 14:28:24 Asia/Tokyo] PHP Notice:  Undefined index:  in /home/httpd/app/src/functions.php on line 71
[19-Sep-2023 14:28:24 Asia/Tokyo] PHP Notice:  Undefined index:  in /home/httpd/app/src/functions.php on line 71
[19-Sep-2023 14:28:24 Asia/Tokyo] PHP Notice:  Undefined index:  in /home/httpd/app/src/functions.php on line 71
[19-Sep-2023 14:31:07 Asia/Tokyo] PHP Notice:  Undefined variable: name in /home/httpd/app/templates/user_create_input.html on line 18
[19-Sep-2023 14:31:07 Asia/Tokyo] PHP Notice:  Undefined variable: userType in /home/httpd/app/templates/user_create_input.html on line 30
[19-Sep-2023 14:31:07 Asia/Tokyo] PHP Notice:  Undefined variable: userType in /home/httpd/app/templates/user_create_input.html on line 32
[19-Sep-2023 14:31:07 Asia/Tokyo] PHP Notice:  Undefined variable: zodiac in /home/httpd/app/templates/user_create_input.html on line 42
[19-Sep-2023 14:31:07 Asia/Tokyo] PHP Notice:  Undefined variable: zodiac in /home/httpd/app/templates/user_create_input.html on line 42
[19-Sep-2023 14:31:07 Asia/Tokyo] PHP Notice:  Undefined variable: zodiac in /home/httpd/app/templates/user_create_input.html on line 42
[19-Sep-2023 14:31:07 Asia/Tokyo] PHP Notice:  Undefined variable: zodiac in /home/httpd/app/templates/user_create_input.html on line 42
[19-Sep-2023 14:31:07 Asia/Tokyo] PHP Notice:  Undefined variable: zodiac in /home/httpd/app/templates/user_create_input.html on line 42
[19-Sep-2023 14:31:07 Asia/Tokyo] PHP Notice:  Undefined variable: zodiac in /home/httpd/app/templates/user_create_input.html on line 42
[19-Sep-2023 14:31:07 Asia/Tokyo] PHP Notice:  Undefined variable: zodiac in /home/httpd/app/templates/user_create_input.html on line 42
[19-Sep-2023 14:31:07 Asia/Tokyo] PHP Notice:  Undefined variable: zodiac in /home/httpd/app/templates/user_create_input.html on line 42
[19-Sep-2023 14:31:07 Asia/Tokyo] PHP Notice:  Undefined variable: zodiac in /home/httpd/app/templates/user_create_input.html on line 42
[19-Sep-2023 14:31:07 Asia/Tokyo] PHP Notice:  Undefined variable: zodiac in /home/httpd/app/templates/user_create_input.html on line 42
[19-Sep-2023 14:31:07 Asia/Tokyo] PHP Notice:  Undefined variable: zodiac in /home/httpd/app/templates/user_create_input.html on line 42
[19-Sep-2023 14:31:07 Asia/Tokyo] PHP Notice:  Undefined variable: zodiac in /home/httpd/app/templates/user_create_input.html on line 42
[19-Sep-2023 14:31:07 Asia/Tokyo] PHP Notice:  Undefined variable: notice in /home/httpd/app/templates/user_create_input.html on line 50
error_logのメッセージINSERT文40字オーバー[19-Sep-2023 14:32:26 Asia/Tokyo] PHP Notice:  Undefined variable: name in /home/httpd/app/templates/user_create_input.html on line 18
[19-Sep-2023 14:32:26 Asia/Tokyo] PHP Notice:  Undefined variable: userType in /home/httpd/app/templates/user_create_input.html on line 30
[19-Sep-2023 14:32:26 Asia/Tokyo] PHP Notice:  Undefined variable: userType in /home/httpd/app/templates/user_create_input.html on line 32
[19-Sep-2023 14:32:26 Asia/Tokyo] PHP Notice:  Undefined variable: zodiac in /home/httpd/app/templates/user_create_input.html on line 42
[19-Sep-2023 14:32:26 Asia/Tokyo] PHP Notice:  Undefined variable: zodiac in /home/httpd/app/templates/user_create_input.html on line 42
[19-Sep-2023 14:32:26 Asia/Tokyo] PHP Notice:  Undefined variable: zodiac in /home/httpd/app/templates/user_create_input.html on line 42
[19-Sep-2023 14:32:26 Asia/Tokyo] PHP Notice:  Undefined variable: zodiac in /home/httpd/app/templates/user_create_input.html on line 42
[19-Sep-2023 14:32:26 Asia/Tokyo] PHP Notice:  Undefined variable: zodiac in /home/httpd/app/templates/user_create_input.html on line 42
[19-Sep-2023 14:32:26 Asia/Tokyo] PHP Notice:  Undefined variable: zodiac in /home/httpd/app/templates/user_create_input.html on line 42
[19-Sep-2023 14:32:26 Asia/Tokyo] PHP Notice:  Undefined variable: zodiac in /home/httpd/app/templates/user_create_input.html on line 42
[19-Sep-2023 14:32:26 Asia/Tokyo] PHP Notice:  Undefined variable: zodiac in /home/httpd/app/templates/user_create_input.html on line 42
[19-Sep-2023 14:32:26 Asia/Tokyo] PHP Notice:  Undefined variable: zodiac in /home/httpd/app/templates/user_create_input.html on line 42
[19-Sep-2023 14:32:26 Asia/Tokyo] PHP Notice:  Undefined variable: zodiac in /home/httpd/app/templates/user_create_input.html on line 42
[19-Sep-2023 14:32:26 Asia/Tokyo] PHP Notice:  Undefined variable: zodiac in /home/httpd/app/templates/user_create_input.html on line 42
[19-Sep-2023 14:32:26 Asia/Tokyo] PHP Notice:  Undefined variable: zodiac in /home/httpd/app/templates/user_create_input.html on line 42
[19-Sep-2023 14:32:26 Asia/Tokyo] PHP Notice:  Undefined variable: notice in /home/httpd/app/templates/user_create_input.html on line 50
[19-Sep-2023 14:32:31 Asia/Tokyo] PHP Notice:  Undefined index:  in /home/httpd/app/src/functions.php on line 72
[19-Sep-2023 14:32:31 Asia/Tokyo] PHP Notice:  Undefined index:  in /home/httpd/app/src/functions.php on line 72
[19-Sep-2023 14:32:31 Asia/Tokyo] PHP Notice:  Undefined index:  in /home/httpd/app/src/functions.php on line 72
[19-Sep-2023 14:32:31 Asia/Tokyo] PHP Notice:  Undefined index:  in /home/httpd/app/src/functions.php on line 72
[19-Sep-2023 14:32:31 Asia/Tokyo] PHP Notice:  Undefined index:  in /home/httpd/app/src/functions.php on line 72
[19-Sep-2023 14:32:31 Asia/Tokyo] PHP Notice:  Undefined index:  in /home/httpd/app/src/functions.php on line 72
[19-Sep-2023 14:42:41 Asia/Tokyo] PHP Notice:  Undefined variable: name in /home/httpd/app/templates/user_create_input.html on line 18
[19-Sep-2023 14:42:41 Asia/Tokyo] PHP Notice:  Undefined variable: userType in /home/httpd/app/templates/user_create_input.html on line 30
[19-Sep-2023 14:42:41 Asia/Tokyo] PHP Notice:  Undefined variable: userType in /home/httpd/app/templates/user_create_input.html on line 32
[19-Sep-2023 14:42:41 Asia/Tokyo] PHP Notice:  Undefined variable: zodiac in /home/httpd/app/templates/user_create_input.html on line 42
[19-Sep-2023 14:42:41 Asia/Tokyo] PHP Notice:  Undefined variable: zodiac in /home/httpd/app/templates/user_create_input.html on line 42
[19-Sep-2023 14:42:41 Asia/Tokyo] PHP Notice:  Undefined variable: zodiac in /home/httpd/app/templates/user_create_input.html on line 42
[19-Sep-2023 14:42:41 Asia/Tokyo] PHP Notice:  Undefined variable: zodiac in /home/httpd/app/templates/user_create_input.html on line 42
[19-Sep-2023 14:42:41 Asia/Tokyo] PHP Notice:  Undefined variable: zodiac in /home/httpd/app/templates/user_create_input.html on line 42
[19-Sep-2023 14:42:41 Asia/Tokyo] PHP Notice:  Undefined variable: zodiac in /home/httpd/app/templates/user_create_input.html on line 42
[19-Sep-2023 14:42:41 Asia/Tokyo] PHP Notice:  Undefined variable: zodiac in /home/httpd/app/templates/user_create_input.html on line 42
[19-Sep-2023 14:42:41 Asia/Tokyo] PHP Notice:  Undefined variable: zodiac in /home/httpd/app/templates/user_create_input.html on line 42
[19-Sep-2023 14:42:41 Asia/Tokyo] PHP Notice:  Undefined variable: zodiac in /home/httpd/app/templates/user_create_input.html on line 42
[19-Sep-2023 14:42:41 Asia/Tokyo] PHP Notice:  Undefined variable: zodiac in /home/httpd/app/templates/user_create_input.html on line 42
[19-Sep-2023 14:42:41 Asia/Tokyo] PHP Notice:  Undefined variable: zodiac in /home/httpd/app/templates/user_create_input.html on line 42
[19-Sep-2023 14:42:41 Asia/Tokyo] PHP Notice:  Undefined variable: zodiac in /home/httpd/app/templates/user_create_input.html on line 42
[19-Sep-2023 14:42:41 Asia/Tokyo] PHP Notice:  Undefined variable: notice in /home/httpd/app/templates/user_create_input.html on line 50
名前の文字数：41[19-Sep-2023 14:45:54 Asia/Tokyo] PHP Notice:  Undefined variable: name in /home/httpd/app/templates/user_create_input.html on line 18
[19-Sep-2023 14:45:54 Asia/Tokyo] PHP Notice:  Undefined variable: userType in /home/httpd/app/templates/user_create_input.html on line 30
[19-Sep-2023 14:45:54 Asia/Tokyo] PHP Notice:  Undefined variable: userType in /home/httpd/app/templates/user_create_input.html on line 32
[19-Sep-2023 14:45:54 Asia/Tokyo] PHP Notice:  Undefined variable: zodiac in /home/httpd/app/templates/user_create_input.html on line 42
[19-Sep-2023 14:45:54 Asia/Tokyo] PHP Notice:  Undefined variable: zodiac in /home/httpd/app/templates/user_create_input.html on line 42
[19-Sep-2023 14:45:54 Asia/Tokyo] PHP Notice:  Undefined variable: zodiac in /home/httpd/app/templates/user_create_input.html on line 42
[19-Sep-2023 14:45:54 Asia/Tokyo] PHP Notice:  Undefined variable: zodiac in /home/httpd/app/templates/user_create_input.html on line 42
[19-Sep-2023 14:45:54 Asia/Tokyo] PHP Notice:  Undefined variable: zodiac in /home/httpd/app/templates/user_create_input.html on line 42
[19-Sep-2023 14:45:54 Asia/Tokyo] PHP Notice:  Undefined variable: zodiac in /home/httpd/app/templates/user_create_input.html on line 42
[19-Sep-2023 14:45:54 Asia/Tokyo] PHP Notice:  Undefined variable: zodiac in /home/httpd/app/templates/user_create_input.html on line 42
[19-Sep-2023 14:45:54 Asia/Tokyo] PHP Notice:  Undefined variable: zodiac in /home/httpd/app/templates/user_create_input.html on line 42
[19-Sep-2023 14:45:54 Asia/Tokyo] PHP Notice:  Undefined variable: zodiac in /home/httpd/app/templates/user_create_input.html on line 42
[19-Sep-2023 14:45:54 Asia/Tokyo] PHP Notice:  Undefined variable: zodiac in /home/httpd/app/templates/user_create_input.html on line 42
[19-Sep-2023 14:45:54 Asia/Tokyo] PHP Notice:  Undefined variable: zodiac in /home/httpd/app/templates/user_create_input.html on line 42
[19-Sep-2023 14:45:54 Asia/Tokyo] PHP Notice:  Undefined variable: zodiac in /home/httpd/app/templates/user_create_input.html on line 42
[19-Sep-2023 14:45:54 Asia/Tokyo] PHP Notice:  Undefined variable: notice in /home/httpd/app/templates/user_create_input.html on line 50
[19-Sep-2023 14:46:00 Asia/Tokyo] PHP Notice:  Undefined index:  in /home/httpd/app/src/functions.php on line 73
[19-Sep-2023 14:46:13 Asia/Tokyo] PHP Notice:  Undefined index:  in /home/httpd/app/src/functions.php on line 73
[2023-09-19 14:46:16] .※エラー入力された名前の文字数：79[19-Sep-2023 14:48:37 Asia/Tokyo] PHP Notice:  Undefined variable: name in /home/httpd/app/templates/user_create_input.html on line 18
[19-Sep-2023 14:48:37 Asia/Tokyo] PHP Notice:  Undefined variable: userType in /home/httpd/app/templates/user_create_input.html on line 30
[19-Sep-2023 14:48:37 Asia/Tokyo] PHP Notice:  Undefined variable: userType in /home/httpd/app/templates/user_create_input.html on line 32
[19-Sep-2023 14:48:37 Asia/Tokyo] PHP Notice:  Undefined variable: zodiac in /home/httpd/app/templates/user_create_input.html on line 42
[19-Sep-2023 14:48:37 Asia/Tokyo] PHP Notice:  Undefined variable: zodiac in /home/httpd/app/templates/user_create_input.html on line 42
[19-Sep-2023 14:48:37 Asia/Tokyo] PHP Notice:  Undefined variable: zodiac in /home/httpd/app/templates/user_create_input.html on line 42
[19-Sep-2023 14:48:37 Asia/Tokyo] PHP Notice:  Undefined variable: zodiac in /home/httpd/app/templates/user_create_input.html on line 42
[19-Sep-2023 14:48:37 Asia/Tokyo] PHP Notice:  Undefined variable: zodiac in /home/httpd/app/templates/user_create_input.html on line 42
[19-Sep-2023 14:48:37 Asia/Tokyo] PHP Notice:  Undefined variable: zodiac in /home/httpd/app/templates/user_create_input.html on line 42
[19-Sep-2023 14:48:37 Asia/Tokyo] PHP Notice:  Undefined variable: zodiac in /home/httpd/app/templates/user_create_input.html on line 42
[19-Sep-2023 14:48:37 Asia/Tokyo] PHP Notice:  Undefined variable: zodiac in /home/httpd/app/templates/user_create_input.html on line 42
[19-Sep-2023 14:48:37 Asia/Tokyo] PHP Notice:  Undefined variable: zodiac in /home/httpd/app/templates/user_create_input.html on line 42
[19-Sep-2023 14:48:37 Asia/Tokyo] PHP Notice:  Undefined variable: zodiac in /home/httpd/app/templates/user_create_input.html on line 42
[19-Sep-2023 14:48:37 Asia/Tokyo] PHP Notice:  Undefined variable: zodiac in /home/httpd/app/templates/user_create_input.html on line 42
[19-Sep-2023 14:48:37 Asia/Tokyo] PHP Notice:  Undefined variable: zodiac in /home/httpd/app/templates/user_create_input.html on line 42
[19-Sep-2023 14:48:37 Asia/Tokyo] PHP Notice:  Undefined variable: notice in /home/httpd/app/templates/user_create_input.html on line 50
[19-Sep-2023 14:48:46 Asia/Tokyo] PHP Notice:  Undefined index:  in /home/httpd/app/src/functions.php on line 73
[19-Sep-2023 14:48:50 Asia/Tokyo] PHP Notice:  Undefined index:  in /home/httpd/app/src/functions.php on line 73
[19-Sep-2023 14:48:55 Asia/Tokyo] PHP Notice:  Undefined index:  in /home/httpd/app/src/functions.php on line 73
[19-Sep-2023 14:48:57 Asia/Tokyo] PHP Notice:  Undefined variable: name in /home/httpd/app/templates/user_create_input.html on line 18
[19-Sep-2023 14:48:57 Asia/Tokyo] PHP Notice:  Undefined variable: userType in /home/httpd/app/templates/user_create_input.html on line 30
[19-Sep-2023 14:48:57 Asia/Tokyo] PHP Notice:  Undefined variable: userType in /home/httpd/app/templates/user_create_input.html on line 32
[19-Sep-2023 14:48:57 Asia/Tokyo] PHP Notice:  Undefined variable: zodiac in /home/httpd/app/templates/user_create_input.html on line 42
[19-Sep-2023 14:48:57 Asia/Tokyo] PHP Notice:  Undefined variable: zodiac in /home/httpd/app/templates/user_create_input.html on line 42
[19-Sep-2023 14:48:57 Asia/Tokyo] PHP Notice:  Undefined variable: zodiac in /home/httpd/app/templates/user_create_input.html on line 42
[19-Sep-2023 14:48:57 Asia/Tokyo] PHP Notice:  Undefined variable: zodiac in /home/httpd/app/templates/user_create_input.html on line 42
[19-Sep-2023 14:48:57 Asia/Tokyo] PHP Notice:  Undefined variable: zodiac in /home/httpd/app/templates/user_create_input.html on line 42
[19-Sep-2023 14:48:57 Asia/Tokyo] PHP Notice:  Undefined variable: zodiac in /home/httpd/app/templates/user_create_input.html on line 42
[19-Sep-2023 14:48:57 Asia/Tokyo] PHP Notice:  Undefined variable: zodiac in /home/httpd/app/templates/user_create_input.html on line 42
[19-Sep-2023 14:48:57 Asia/Tokyo] PHP Notice:  Undefined variable: zodiac in /home/httpd/app/templates/user_create_input.html on line 42
[19-Sep-2023 14:48:57 Asia/Tokyo] PHP Notice:  Undefined variable: zodiac in /home/httpd/app/templates/user_create_input.html on line 42
[19-Sep-2023 14:48:57 Asia/Tokyo] PHP Notice:  Undefined variable: zodiac in /home/httpd/app/templates/user_create_input.html on line 42
[19-Sep-2023 14:48:57 Asia/Tokyo] PHP Notice:  Undefined variable: zodiac in /home/httpd/app/templates/user_create_input.html on line 42
[19-Sep-2023 14:48:57 Asia/Tokyo] PHP Notice:  Undefined variable: zodiac in /home/httpd/app/templates/user_create_input.html on line 42
[19-Sep-2023 14:48:57 Asia/Tokyo] PHP Notice:  Undefined variable: notice in /home/httpd/app/templates/user_create_input.html on line 50
[19-Sep-2023 14:49:12 Asia/Tokyo] PHP Notice:  Undefined index:  in /home/httpd/app/src/functions.php on line 73
[2023-09-19 14:49:13] functon add()※エラー：入力された名前の文字数-45[19-Sep-2023 14:55:16 Asia/Tokyo] PHP Notice:  Undefined index:  in /home/httpd/app/src/functions.php on line 73
[19-Sep-2023 14:55:22 Asia/Tokyo] PHP Notice:  Undefined variable: name in /home/httpd/app/templates/user_create_input.html on line 18
[19-Sep-2023 14:55:22 Asia/Tokyo] PHP Notice:  Undefined variable: userType in /home/httpd/app/templates/user_create_input.html on line 30
[19-Sep-2023 14:55:22 Asia/Tokyo] PHP Notice:  Undefined variable: userType in /home/httpd/app/templates/user_create_input.html on line 32
[19-Sep-2023 14:55:22 Asia/Tokyo] PHP Notice:  Undefined variable: zodiac in /home/httpd/app/templates/user_create_input.html on line 42
[19-Sep-2023 14:55:22 Asia/Tokyo] PHP Notice:  Undefined variable: zodiac in /home/httpd/app/templates/user_create_input.html on line 42
[19-Sep-2023 14:55:22 Asia/Tokyo] PHP Notice:  Undefined variable: zodiac in /home/httpd/app/templates/user_create_input.html on line 42
[19-Sep-2023 14:55:22 Asia/Tokyo] PHP Notice:  Undefined variable: zodiac in /home/httpd/app/templates/user_create_input.html on line 42
[19-Sep-2023 14:55:22 Asia/Tokyo] PHP Notice:  Undefined variable: zodiac in /home/httpd/app/templates/user_create_input.html on line 42
[19-Sep-2023 14:55:22 Asia/Tokyo] PHP Notice:  Undefined variable: zodiac in /home/httpd/app/templates/user_create_input.html on line 42
[19-Sep-2023 14:55:22 Asia/Tokyo] PHP Notice:  Undefined variable: zodiac in /home/httpd/app/templates/user_create_input.html on line 42
[19-Sep-2023 14:55:22 Asia/Tokyo] PHP Notice:  Undefined variable: zodiac in /home/httpd/app/templates/user_create_input.html on line 42
[19-Sep-2023 14:55:22 Asia/Tokyo] PHP Notice:  Undefined variable: zodiac in /home/httpd/app/templates/user_create_input.html on line 42
[19-Sep-2023 14:55:22 Asia/Tokyo] PHP Notice:  Undefined variable: zodiac in /home/httpd/app/templates/user_create_input.html on line 42
[19-Sep-2023 14:55:22 Asia/Tokyo] PHP Notice:  Undefined variable: zodiac in /home/httpd/app/templates/user_create_input.html on line 42
[19-Sep-2023 14:55:22 Asia/Tokyo] PHP Notice:  Undefined variable: zodiac in /home/httpd/app/templates/user_create_input.html on line 42
[19-Sep-2023 14:55:22 Asia/Tokyo] PHP Notice:  Undefined variable: notice in /home/httpd/app/templates/user_create_input.html on line 50
[19-Sep-2023 14:55:30 Asia/Tokyo] PHP Notice:  Undefined index:  in /home/httpd/app/src/functions.php on line 73
[19-Sep-2023 14:55:31 Asia/Tokyo] PHP Warning:  error_log(../logs/error.log): failed to open stream: No such file or directory in /home/httpd/app/src/functions.php on line 33
[19-Sep-2023 15:15:18 Asia/Tokyo] PHP Notice:  Undefined variable: name in /home/httpd/app/templates/user_create_input.html on line 18
[19-Sep-2023 15:15:18 Asia/Tokyo] PHP Notice:  Undefined variable: userType in /home/httpd/app/templates/user_create_input.html on line 30
[19-Sep-2023 15:15:18 Asia/Tokyo] PHP Notice:  Undefined variable: userType in /home/httpd/app/templates/user_create_input.html on line 32
[19-Sep-2023 15:15:18 Asia/Tokyo] PHP Notice:  Undefined variable: zodiac in /home/httpd/app/templates/user_create_input.html on line 42
[19-Sep-2023 15:15:18 Asia/Tokyo] PHP Notice:  Undefined variable: zodiac in /home/httpd/app/templates/user_create_input.html on line 42
[19-Sep-2023 15:15:18 Asia/Tokyo] PHP Notice:  Undefined variable: zodiac in /home/httpd/app/templates/user_create_input.html on line 42
[19-Sep-2023 15:15:18 Asia/Tokyo] PHP Notice:  Undefined variable: zodiac in /home/httpd/app/templates/user_create_input.html on line 42
[19-Sep-2023 15:15:18 Asia/Tokyo] PHP Notice:  Undefined variable: zodiac in /home/httpd/app/templates/user_create_input.html on line 42
[19-Sep-2023 15:15:18 Asia/Tokyo] PHP Notice:  Undefined variable: zodiac in /home/httpd/app/templates/user_create_input.html on line 42
[19-Sep-2023 15:15:18 Asia/Tokyo] PHP Notice:  Undefined variable: zodiac in /home/httpd/app/templates/user_create_input.html on line 42
[19-Sep-2023 15:15:18 Asia/Tokyo] PHP Notice:  Undefined variable: zodiac in /home/httpd/app/templates/user_create_input.html on line 42
[19-Sep-2023 15:15:18 Asia/Tokyo] PHP Notice:  Undefined variable: zodiac in /home/httpd/app/templates/user_create_input.html on line 42
[19-Sep-2023 15:15:18 Asia/Tokyo] PHP Notice:  Undefined variable: zodiac in /home/httpd/app/templates/user_create_input.html on line 42
[19-Sep-2023 15:15:18 Asia/Tokyo] PHP Notice:  Undefined variable: zodiac in /home/httpd/app/templates/user_create_input.html on line 42
[19-Sep-2023 15:15:18 Asia/Tokyo] PHP Notice:  Undefined variable: zodiac in /home/httpd/app/templates/user_create_input.html on line 42
[19-Sep-2023 15:15:18 Asia/Tokyo] PHP Notice:  Undefined variable: notice in /home/httpd/app/templates/user_create_input.html on line 50
[19-Sep-2023 15:15:18 Asia/Tokyo] PHP Notice:  Undefined variable: name in /home/httpd/app/templates/user_create_input.html on line 18
[19-Sep-2023 15:15:18 Asia/Tokyo] PHP Notice:  Undefined variable: userType in /home/httpd/app/templates/user_create_input.html on line 30
[19-Sep-2023 15:15:18 Asia/Tokyo] PHP Notice:  Undefined variable: userType in /home/httpd/app/templates/user_create_input.html on line 32
[19-Sep-2023 15:15:18 Asia/Tokyo] PHP Notice:  Undefined variable: zodiac in /home/httpd/app/templates/user_create_input.html on line 42
[19-Sep-2023 15:15:18 Asia/Tokyo] PHP Notice:  Undefined variable: zodiac in /home/httpd/app/templates/user_create_input.html on line 42
[19-Sep-2023 15:15:18 Asia/Tokyo] PHP Notice:  Undefined variable: zodiac in /home/httpd/app/templates/user_create_input.html on line 42
[19-Sep-2023 15:15:18 Asia/Tokyo] PHP Notice:  Undefined variable: zodiac in /home/httpd/app/templates/user_create_input.html on line 42
[19-Sep-2023 15:15:18 Asia/Tokyo] PHP Notice:  Undefined variable: zodiac in /home/httpd/app/templates/user_create_input.html on line 42
[19-Sep-2023 15:15:18 Asia/Tokyo] PHP Notice:  Undefined variable: zodiac in /home/httpd/app/templates/user_create_input.html on line 42
[19-Sep-2023 15:15:18 Asia/Tokyo] PHP Notice:  Undefined variable: zodiac in /home/httpd/app/templates/user_create_input.html on line 42
[19-Sep-2023 15:15:18 Asia/Tokyo] PHP Notice:  Undefined variable: zodiac in /home/httpd/app/templates/user_create_input.html on line 42
[19-Sep-2023 15:15:18 Asia/Tokyo] PHP Notice:  Undefined variable: zodiac in /home/httpd/app/templates/user_create_input.html on line 42
[19-Sep-2023 15:15:18 Asia/Tokyo] PHP Notice:  Undefined variable: zodiac in /home/httpd/app/templates/user_create_input.html on line 42
[19-Sep-2023 15:15:18 Asia/Tokyo] PHP Notice:  Undefined variable: zodiac in /home/httpd/app/templates/user_create_input.html on line 42
[19-Sep-2023 15:15:18 Asia/Tokyo] PHP Notice:  Undefined variable: zodiac in /home/httpd/app/templates/user_create_input.html on line 42
[19-Sep-2023 15:15:18 Asia/Tokyo] PHP Notice:  Undefined variable: notice in /home/httpd/app/templates/user_create_input.html on line 50
[19-Sep-2023 15:16:49 Asia/Tokyo] PHP Notice:  Undefined variable: name in /home/httpd/app/templates/user_create_input.html on line 18
[19-Sep-2023 15:16:49 Asia/Tokyo] PHP Notice:  Undefined variable: userType in /home/httpd/app/templates/user_create_input.html on line 30
[19-Sep-2023 15:16:49 Asia/Tokyo] PHP Notice:  Undefined variable: userType in /home/httpd/app/templates/user_create_input.html on line 32
[19-Sep-2023 15:16:49 Asia/Tokyo] PHP Notice:  Undefined variable: zodiac in /home/httpd/app/templates/user_create_input.html on line 42
[19-Sep-2023 15:16:49 Asia/Tokyo] PHP Notice:  Undefined variable: zodiac in /home/httpd/app/templates/user_create_input.html on line 42
[19-Sep-2023 15:16:49 Asia/Tokyo] PHP Notice:  Undefined variable: zodiac in /home/httpd/app/templates/user_create_input.html on line 42
[19-Sep-2023 15:16:49 Asia/Tokyo] PHP Notice:  Undefined variable: zodiac in /home/httpd/app/templates/user_create_input.html on line 42
[19-Sep-2023 15:16:49 Asia/Tokyo] PHP Notice:  Undefined variable: zodiac in /home/httpd/app/templates/user_create_input.html on line 42
[19-Sep-2023 15:16:49 Asia/Tokyo] PHP Notice:  Undefined variable: zodiac in /home/httpd/app/templates/user_create_input.html on line 42
[19-Sep-2023 15:16:49 Asia/Tokyo] PHP Notice:  Undefined variable: zodiac in /home/httpd/app/templates/user_create_input.html on line 42
[19-Sep-2023 15:16:49 Asia/Tokyo] PHP Notice:  Undefined variable: zodiac in /home/httpd/app/templates/user_create_input.html on line 42
[19-Sep-2023 15:16:49 Asia/Tokyo] PHP Notice:  Undefined variable: zodiac in /home/httpd/app/templates/user_create_input.html on line 42
[19-Sep-2023 15:16:49 Asia/Tokyo] PHP Notice:  Undefined variable: zodiac in /home/httpd/app/templates/user_create_input.html on line 42
[19-Sep-2023 15:16:49 Asia/Tokyo] PHP Notice:  Undefined variable: zodiac in /home/httpd/app/templates/user_create_input.html on line 42
[19-Sep-2023 15:16:49 Asia/Tokyo] PHP Notice:  Undefined variable: zodiac in /home/httpd/app/templates/user_create_input.html on line 42
[19-Sep-2023 15:16:49 Asia/Tokyo] PHP Notice:  Undefined variable: notice in /home/httpd/app/templates/user_create_input.html on line 50
[19-Sep-2023 15:17:54 Asia/Tokyo] PHP Warning:  require_once(/logs/config.php): failed to open stream: No such file or directory in /home/httpd/app/src/functions.php on line 5
[19-Sep-2023 15:17:54 Asia/Tokyo] PHP Fatal error:  require_once(): Failed opening required '/logs/config.php' (include_path='.:/usr/local/lib/php') in /home/httpd/app/src/functions.php on line 5
[19-Sep-2023 15:18:18 Asia/Tokyo] PHP Warning:  require_once(../logs/config.php): failed to open stream: No such file or directory in /home/httpd/app/src/functions.php on line 5
[19-Sep-2023 15:18:18 Asia/Tokyo] PHP Fatal error:  require_once(): Failed opening required '../logs/config.php' (include_path='.:/usr/local/lib/php') in /home/httpd/app/src/functions.php on line 5
[19-Sep-2023 15:18:38 Asia/Tokyo] PHP Warning:  require_once(../logs/error.log): failed to open stream: No such file or directory in /home/httpd/app/src/functions.php on line 5
[19-Sep-2023 15:18:38 Asia/Tokyo] PHP Fatal error:  require_once(): Failed opening required '../logs/error.log' (include_path='.:/usr/local/lib/php') in /home/httpd/app/src/functions.php on line 5
[19-Sep-2023 15:18:44 Asia/Tokyo] PHP Warning:  require_once(/logs/error.log): failed to open stream: No such file or directory in /home/httpd/app/src/functions.php on line 5
[19-Sep-2023 15:18:44 Asia/Tokyo] PHP Fatal error:  require_once(): Failed opening required '/logs/error.log' (include_path='.:/usr/local/lib/php') in /home/httpd/app/src/functions.php on line 5
[19-Sep-2023 15:18:49 Asia/Tokyo] PHP Warning:  require_once(logs/error.log): failed to open stream: No such file or directory in /home/httpd/app/src/functions.php on line 5
[19-Sep-2023 15:18:49 Asia/Tokyo] PHP Fatal error:  require_once(): Failed opening required 'logs/error.log' (include_path='.:/usr/local/lib/php') in /home/httpd/app/src/functions.php on line 5
[19-Sep-2023 15:20:43 Asia/Tokyo] PHP Warning:  require_once(logs/error.log): failed to open stream: No such file or directory in /home/httpd/app/src/functions.php on line 5
[19-Sep-2023 15:20:43 Asia/Tokyo] PHP Fatal error:  require_once(): Failed opening required 'logs/error.log' (include_path='.:/usr/local/lib/php') in /home/httpd/app/src/functions.php on line 5
[19-Sep-2023 15:24:33 Asia/Tokyo] PHP Notice:  Undefined variable: name in /home/httpd/app/templates/user_create_input.html on line 18
[19-Sep-2023 15:24:33 Asia/Tokyo] PHP Notice:  Undefined variable: userType in /home/httpd/app/templates/user_create_input.html on line 30
[19-Sep-2023 15:24:33 Asia/Tokyo] PHP Notice:  Undefined variable: userType in /home/httpd/app/templates/user_create_input.html on line 32
[19-Sep-2023 15:24:33 Asia/Tokyo] PHP Notice:  Undefined variable: zodiac in /home/httpd/app/templates/user_create_input.html on line 42
[19-Sep-2023 15:24:33 Asia/Tokyo] PHP Notice:  Undefined variable: zodiac in /home/httpd/app/templates/user_create_input.html on line 42
[19-Sep-2023 15:24:33 Asia/Tokyo] PHP Notice:  Undefined variable: zodiac in /home/httpd/app/templates/user_create_input.html on line 42
[19-Sep-2023 15:24:33 Asia/Tokyo] PHP Notice:  Undefined variable: zodiac in /home/httpd/app/templates/user_create_input.html on line 42
[19-Sep-2023 15:24:33 Asia/Tokyo] PHP Notice:  Undefined variable: zodiac in /home/httpd/app/templates/user_create_input.html on line 42
[19-Sep-2023 15:24:33 Asia/Tokyo] PHP Notice:  Undefined variable: zodiac in /home/httpd/app/templates/user_create_input.html on line 42
[19-Sep-2023 15:24:33 Asia/Tokyo] PHP Notice:  Undefined variable: zodiac in /home/httpd/app/templates/user_create_input.html on line 42
[19-Sep-2023 15:24:33 Asia/Tokyo] PHP Notice:  Undefined variable: zodiac in /home/httpd/app/templates/user_create_input.html on line 42
[19-Sep-2023 15:24:33 Asia/Tokyo] PHP Notice:  Undefined variable: zodiac in /home/httpd/app/templates/user_create_input.html on line 42
[19-Sep-2023 15:24:33 Asia/Tokyo] PHP Notice:  Undefined variable: zodiac in /home/httpd/app/templates/user_create_input.html on line 42
[19-Sep-2023 15:24:33 Asia/Tokyo] PHP Notice:  Undefined variable: zodiac in /home/httpd/app/templates/user_create_input.html on line 42
[19-Sep-2023 15:24:33 Asia/Tokyo] PHP Notice:  Undefined variable: zodiac in /home/httpd/app/templates/user_create_input.html on line 42
[19-Sep-2023 15:24:33 Asia/Tokyo] PHP Notice:  Undefined variable: notice in /home/httpd/app/templates/user_create_input.html on line 50
[19-Sep-2023 15:24:49 Asia/Tokyo] PHP Notice:  Undefined variable: name in /home/httpd/app/templates/user_create_input.html on line 18
[19-Sep-2023 15:24:49 Asia/Tokyo] PHP Notice:  Undefined variable: userType in /home/httpd/app/templates/user_create_input.html on line 30
[19-Sep-2023 15:24:49 Asia/Tokyo] PHP Notice:  Undefined variable: userType in /home/httpd/app/templates/user_create_input.html on line 32
[19-Sep-2023 15:24:49 Asia/Tokyo] PHP Notice:  Undefined variable: zodiac in /home/httpd/app/templates/user_create_input.html on line 42
[19-Sep-2023 15:24:49 Asia/Tokyo] PHP Notice:  Undefined variable: zodiac in /home/httpd/app/templates/user_create_input.html on line 42
[19-Sep-2023 15:24:49 Asia/Tokyo] PHP Notice:  Undefined variable: zodiac in /home/httpd/app/templates/user_create_input.html on line 42
[19-Sep-2023 15:24:49 Asia/Tokyo] PHP Notice:  Undefined variable: zodiac in /home/httpd/app/templates/user_create_input.html on line 42
[19-Sep-2023 15:24:49 Asia/Tokyo] PHP Notice:  Undefined variable: zodiac in /home/httpd/app/templates/user_create_input.html on line 42
[19-Sep-2023 15:24:49 Asia/Tokyo] PHP Notice:  Undefined variable: zodiac in /home/httpd/app/templates/user_create_input.html on line 42
[19-Sep-2023 15:24:49 Asia/Tokyo] PHP Notice:  Undefined variable: zodiac in /home/httpd/app/templates/user_create_input.html on line 42
[19-Sep-2023 15:24:49 Asia/Tokyo] PHP Notice:  Undefined variable: zodiac in /home/httpd/app/templates/user_create_input.html on line 42
[19-Sep-2023 15:24:49 Asia/Tokyo] PHP Notice:  Undefined variable: zodiac in /home/httpd/app/templates/user_create_input.html on line 42
[19-Sep-2023 15:24:49 Asia/Tokyo] PHP Notice:  Undefined variable: zodiac in /home/httpd/app/templates/user_create_input.html on line 42
[19-Sep-2023 15:24:49 Asia/Tokyo] PHP Notice:  Undefined variable: zodiac in /home/httpd/app/templates/user_create_input.html on line 42
[19-Sep-2023 15:24:49 Asia/Tokyo] PHP Notice:  Undefined variable: zodiac in /home/httpd/app/templates/user_create_input.html on line 42
[19-Sep-2023 15:24:49 Asia/Tokyo] PHP Notice:  Undefined variable: notice in /home/httpd/app/templates/user_create_input.html on line 50
[19-Sep-2023 15:26:28 Asia/Tokyo] PHP Notice:  Undefined variable: name in /home/httpd/app/templates/user_create_input.html on line 18
[19-Sep-2023 15:26:28 Asia/Tokyo] PHP Notice:  Undefined variable: userType in /home/httpd/app/templates/user_create_input.html on line 30
[19-Sep-2023 15:26:28 Asia/Tokyo] PHP Notice:  Undefined variable: userType in /home/httpd/app/templates/user_create_input.html on line 32
[19-Sep-2023 15:26:28 Asia/Tokyo] PHP Notice:  Undefined variable: zodiac in /home/httpd/app/templates/user_create_input.html on line 42
[19-Sep-2023 15:26:28 Asia/Tokyo] PHP Notice:  Undefined variable: zodiac in /home/httpd/app/templates/user_create_input.html on line 42
[19-Sep-2023 15:26:28 Asia/Tokyo] PHP Notice:  Undefined variable: zodiac in /home/httpd/app/templates/user_create_input.html on line 42
[19-Sep-2023 15:26:28 Asia/Tokyo] PHP Notice:  Undefined variable: zodiac in /home/httpd/app/templates/user_create_input.html on line 42
[19-Sep-2023 15:26:28 Asia/Tokyo] PHP Notice:  Undefined variable: zodiac in /home/httpd/app/templates/user_create_input.html on line 42
[19-Sep-2023 15:26:28 Asia/Tokyo] PHP Notice:  Undefined variable: zodiac in /home/httpd/app/templates/user_create_input.html on line 42
[19-Sep-2023 15:26:28 Asia/Tokyo] PHP Notice:  Undefined variable: zodiac in /home/httpd/app/templates/user_create_input.html on line 42
[19-Sep-2023 15:26:28 Asia/Tokyo] PHP Notice:  Undefined variable: zodiac in /home/httpd/app/templates/user_create_input.html on line 42
[19-Sep-2023 15:26:28 Asia/Tokyo] PHP Notice:  Undefined variable: zodiac in /home/httpd/app/templates/user_create_input.html on line 42
[19-Sep-2023 15:26:28 Asia/Tokyo] PHP Notice:  Undefined variable: zodiac in /home/httpd/app/templates/user_create_input.html on line 42
[19-Sep-2023 15:26:28 Asia/Tokyo] PHP Notice:  Undefined variable: zodiac in /home/httpd/app/templates/user_create_input.html on line 42
[19-Sep-2023 15:26:28 Asia/Tokyo] PHP Notice:  Undefined variable: zodiac in /home/httpd/app/templates/user_create_input.html on line 42
[19-Sep-2023 15:26:28 Asia/Tokyo] PHP Notice:  Undefined variable: notice in /home/httpd/app/templates/user_create_input.html on line 50
[19-Sep-2023 15:26:51 Asia/Tokyo] PHP Notice:  Undefined index:  in /home/httpd/app/src/functions.php on line 74
[19-Sep-2023 15:29:24 Asia/Tokyo] PHP Notice:  Undefined index:  in /home/httpd/app/src/functions.php on line 74
[19-Sep-2023 15:29:57 Asia/Tokyo] PHP Notice:  Undefined index:  in /home/httpd/app/src/functions.php on line 74
[19-Sep-2023 15:30:00 Asia/Tokyo] PHP Notice:  Undefined variable: name in /home/httpd/app/templates/user_create_input.html on line 18
[19-Sep-2023 15:30:00 Asia/Tokyo] PHP Notice:  Undefined variable: userType in /home/httpd/app/templates/user_create_input.html on line 30
[19-Sep-2023 15:30:00 Asia/Tokyo] PHP Notice:  Undefined variable: userType in /home/httpd/app/templates/user_create_input.html on line 32
[19-Sep-2023 15:30:00 Asia/Tokyo] PHP Notice:  Undefined variable: zodiac in /home/httpd/app/templates/user_create_input.html on line 42
[19-Sep-2023 15:30:00 Asia/Tokyo] PHP Notice:  Undefined variable: zodiac in /home/httpd/app/templates/user_create_input.html on line 42
[19-Sep-2023 15:30:00 Asia/Tokyo] PHP Notice:  Undefined variable: zodiac in /home/httpd/app/templates/user_create_input.html on line 42
[19-Sep-2023 15:30:00 Asia/Tokyo] PHP Notice:  Undefined variable: zodiac in /home/httpd/app/templates/user_create_input.html on line 42
[19-Sep-2023 15:30:00 Asia/Tokyo] PHP Notice:  Undefined variable: zodiac in /home/httpd/app/templates/user_create_input.html on line 42
[19-Sep-2023 15:30:00 Asia/Tokyo] PHP Notice:  Undefined variable: zodiac in /home/httpd/app/templates/user_create_input.html on line 42
[19-Sep-2023 15:30:00 Asia/Tokyo] PHP Notice:  Undefined variable: zodiac in /home/httpd/app/templates/user_create_input.html on line 42
[19-Sep-2023 15:30:00 Asia/Tokyo] PHP Notice:  Undefined variable: zodiac in /home/httpd/app/templates/user_create_input.html on line 42
[19-Sep-2023 15:30:00 Asia/Tokyo] PHP Notice:  Undefined variable: zodiac in /home/httpd/app/templates/user_create_input.html on line 42
[19-Sep-2023 15:30:00 Asia/Tokyo] PHP Notice:  Undefined variable: zodiac in /home/httpd/app/templates/user_create_input.html on line 42
[19-Sep-2023 15:30:00 Asia/Tokyo] PHP Notice:  Undefined variable: zodiac in /home/httpd/app/templates/user_create_input.html on line 42
[19-Sep-2023 15:30:00 Asia/Tokyo] PHP Notice:  Undefined variable: zodiac in /home/httpd/app/templates/user_create_input.html on line 42
[19-Sep-2023 15:30:00 Asia/Tokyo] PHP Notice:  Undefined variable: notice in /home/httpd/app/templates/user_create_input.html on line 50
[19-Sep-2023 15:30:16 Asia/Tokyo] PHP Notice:  Undefined index:  in /home/httpd/app/src/functions.php on line 74
[19-Sep-2023 15:30:20 Asia/Tokyo] PHP Warning:  error_log(error.log): failed to open stream: Permission denied in /home/httpd/app/src/functions.php on line 34
[19-Sep-2023 15:43:10 Asia/Tokyo] PHP Warning:  error_log(error.log): failed to open stream: Permission denied in /home/httpd/app/src/functions.php on line 34
[19-Sep-2023 15:43:12 Asia/Tokyo] PHP Notice:  Undefined variable: name in /home/httpd/app/templates/user_create_input.html on line 18
[19-Sep-2023 15:43:12 Asia/Tokyo] PHP Notice:  Undefined variable: userType in /home/httpd/app/templates/user_create_input.html on line 30
[19-Sep-2023 15:43:12 Asia/Tokyo] PHP Notice:  Undefined variable: userType in /home/httpd/app/templates/user_create_input.html on line 32
[19-Sep-2023 15:43:12 Asia/Tokyo] PHP Notice:  Undefined variable: zodiac in /home/httpd/app/templates/user_create_input.html on line 42
[19-Sep-2023 15:43:12 Asia/Tokyo] PHP Notice:  Undefined variable: zodiac in /home/httpd/app/templates/user_create_input.html on line 42
[19-Sep-2023 15:43:12 Asia/Tokyo] PHP Notice:  Undefined variable: zodiac in /home/httpd/app/templates/user_create_input.html on line 42
[19-Sep-2023 15:43:12 Asia/Tokyo] PHP Notice:  Undefined variable: zodiac in /home/httpd/app/templates/user_create_input.html on line 42
[19-Sep-2023 15:43:12 Asia/Tokyo] PHP Notice:  Undefined variable: zodiac in /home/httpd/app/templates/user_create_input.html on line 42
[19-Sep-2023 15:43:12 Asia/Tokyo] PHP Notice:  Undefined variable: zodiac in /home/httpd/app/templates/user_create_input.html on line 42
[19-Sep-2023 15:43:12 Asia/Tokyo] PHP Notice:  Undefined variable: zodiac in /home/httpd/app/templates/user_create_input.html on line 42
[19-Sep-2023 15:43:12 Asia/Tokyo] PHP Notice:  Undefined variable: zodiac in /home/httpd/app/templates/user_create_input.html on line 42
[19-Sep-2023 15:43:12 Asia/Tokyo] PHP Notice:  Undefined variable: zodiac in /home/httpd/app/templates/user_create_input.html on line 42
[19-Sep-2023 15:43:12 Asia/Tokyo] PHP Notice:  Undefined variable: zodiac in /home/httpd/app/templates/user_create_input.html on line 42
[19-Sep-2023 15:43:12 Asia/Tokyo] PHP Notice:  Undefined variable: zodiac in /home/httpd/app/templates/user_create_input.html on line 42
[19-Sep-2023 15:43:12 Asia/Tokyo] PHP Notice:  Undefined variable: zodiac in /home/httpd/app/templates/user_create_input.html on line 42
[19-Sep-2023 15:43:12 Asia/Tokyo] PHP Notice:  Undefined variable: notice in /home/httpd/app/templates/user_create_input.html on line 50
[19-Sep-2023 15:43:27 Asia/Tokyo] PHP Warning:  error_log(error.log): failed to open stream: Permission denied in /home/httpd/app/src/functions.php on line 34
[19-Sep-2023 15:49:42 Asia/Tokyo] PHP Notice:  Undefined variable: name in /home/httpd/app/templates/user_create_input.html on line 18
[19-Sep-2023 15:49:42 Asia/Tokyo] PHP Notice:  Undefined variable: userType in /home/httpd/app/templates/user_create_input.html on line 30
[19-Sep-2023 15:49:42 Asia/Tokyo] PHP Notice:  Undefined variable: userType in /home/httpd/app/templates/user_create_input.html on line 32
[19-Sep-2023 15:49:42 Asia/Tokyo] PHP Notice:  Undefined variable: zodiac in /home/httpd/app/templates/user_create_input.html on line 42
[19-Sep-2023 15:49:42 Asia/Tokyo] PHP Notice:  Undefined variable: zodiac in /home/httpd/app/templates/user_create_input.html on line 42
[19-Sep-2023 15:49:42 Asia/Tokyo] PHP Notice:  Undefined variable: zodiac in /home/httpd/app/templates/user_create_input.html on line 42
[19-Sep-2023 15:49:42 Asia/Tokyo] PHP Notice:  Undefined variable: zodiac in /home/httpd/app/templates/user_create_input.html on line 42
[19-Sep-2023 15:49:42 Asia/Tokyo] PHP Notice:  Undefined variable: zodiac in /home/httpd/app/templates/user_create_input.html on line 42
[19-Sep-2023 15:49:42 Asia/Tokyo] PHP Notice:  Undefined variable: zodiac in /home/httpd/app/templates/user_create_input.html on line 42
[19-Sep-2023 15:49:42 Asia/Tokyo] PHP Notice:  Undefined variable: zodiac in /home/httpd/app/templates/user_create_input.html on line 42
[19-Sep-2023 15:49:42 Asia/Tokyo] PHP Notice:  Undefined variable: zodiac in /home/httpd/app/templates/user_create_input.html on line 42
[19-Sep-2023 15:49:42 Asia/Tokyo] PHP Notice:  Undefined variable: zodiac in /home/httpd/app/templates/user_create_input.html on line 42
[19-Sep-2023 15:49:42 Asia/Tokyo] PHP Notice:  Undefined variable: zodiac in /home/httpd/app/templates/user_create_input.html on line 42
[19-Sep-2023 15:49:42 Asia/Tokyo] PHP Notice:  Undefined variable: zodiac in /home/httpd/app/templates/user_create_input.html on line 42
[19-Sep-2023 15:49:42 Asia/Tokyo] PHP Notice:  Undefined variable: zodiac in /home/httpd/app/templates/user_create_input.html on line 42
[19-Sep-2023 15:49:42 Asia/Tokyo] PHP Notice:  Undefined variable: notice in /home/httpd/app/templates/user_create_input.html on line 50
[19-Sep-2023 15:49:50 Asia/Tokyo] PHP Notice:  Undefined index:  in /home/httpd/app/src/functions.php on line 74
[19-Sep-2023 15:49:51 Asia/Tokyo] PHP Notice:  Undefined variable: name in /home/httpd/app/templates/user_create_input.html on line 18
[19-Sep-2023 15:49:51 Asia/Tokyo] PHP Notice:  Undefined variable: userType in /home/httpd/app/templates/user_create_input.html on line 30
[19-Sep-2023 15:49:51 Asia/Tokyo] PHP Notice:  Undefined variable: userType in /home/httpd/app/templates/user_create_input.html on line 32
[19-Sep-2023 15:49:51 Asia/Tokyo] PHP Notice:  Undefined variable: zodiac in /home/httpd/app/templates/user_create_input.html on line 42
[19-Sep-2023 15:49:51 Asia/Tokyo] PHP Notice:  Undefined variable: zodiac in /home/httpd/app/templates/user_create_input.html on line 42
[19-Sep-2023 15:49:51 Asia/Tokyo] PHP Notice:  Undefined variable: zodiac in /home/httpd/app/templates/user_create_input.html on line 42
[19-Sep-2023 15:49:51 Asia/Tokyo] PHP Notice:  Undefined variable: zodiac in /home/httpd/app/templates/user_create_input.html on line 42
[19-Sep-2023 15:49:51 Asia/Tokyo] PHP Notice:  Undefined variable: zodiac in /home/httpd/app/templates/user_create_input.html on line 42
[19-Sep-2023 15:49:51 Asia/Tokyo] PHP Notice:  Undefined variable: zodiac in /home/httpd/app/templates/user_create_input.html on line 42
[19-Sep-2023 15:49:51 Asia/Tokyo] PHP Notice:  Undefined variable: zodiac in /home/httpd/app/templates/user_create_input.html on line 42
[19-Sep-2023 15:49:51 Asia/Tokyo] PHP Notice:  Undefined variable: zodiac in /home/httpd/app/templates/user_create_input.html on line 42
[19-Sep-2023 15:49:51 Asia/Tokyo] PHP Notice:  Undefined variable: zodiac in /home/httpd/app/templates/user_create_input.html on line 42
[19-Sep-2023 15:49:51 Asia/Tokyo] PHP Notice:  Undefined variable: zodiac in /home/httpd/app/templates/user_create_input.html on line 42
[19-Sep-2023 15:49:51 Asia/Tokyo] PHP Notice:  Undefined variable: zodiac in /home/httpd/app/templates/user_create_input.html on line 42
[19-Sep-2023 15:49:51 Asia/Tokyo] PHP Notice:  Undefined variable: zodiac in /home/httpd/app/templates/user_create_input.html on line 42
[19-Sep-2023 15:49:51 Asia/Tokyo] PHP Notice:  Undefined variable: notice in /home/httpd/app/templates/user_create_input.html on line 50
[2023-09-19 15:50:14] functon add()※エラー：入力された名前の文字数-51[19-Sep-2023 15:54:24 Asia/Tokyo] PHP Notice:  Undefined variable: name in /home/httpd/app/templates/user_create_input.html on line 18
[19-Sep-2023 15:54:24 Asia/Tokyo] PHP Notice:  Undefined variable: userType in /home/httpd/app/templates/user_create_input.html on line 30
[19-Sep-2023 15:54:24 Asia/Tokyo] PHP Notice:  Undefined variable: userType in /home/httpd/app/templates/user_create_input.html on line 32
[19-Sep-2023 15:54:24 Asia/Tokyo] PHP Notice:  Undefined variable: zodiac in /home/httpd/app/templates/user_create_input.html on line 42
[19-Sep-2023 15:54:24 Asia/Tokyo] PHP Notice:  Undefined variable: zodiac in /home/httpd/app/templates/user_create_input.html on line 42
[19-Sep-2023 15:54:24 Asia/Tokyo] PHP Notice:  Undefined variable: zodiac in /home/httpd/app/templates/user_create_input.html on line 42
[19-Sep-2023 15:54:24 Asia/Tokyo] PHP Notice:  Undefined variable: zodiac in /home/httpd/app/templates/user_create_input.html on line 42
[19-Sep-2023 15:54:24 Asia/Tokyo] PHP Notice:  Undefined variable: zodiac in /home/httpd/app/templates/user_create_input.html on line 42
[19-Sep-2023 15:54:24 Asia/Tokyo] PHP Notice:  Undefined variable: zodiac in /home/httpd/app/templates/user_create_input.html on line 42
[19-Sep-2023 15:54:24 Asia/Tokyo] PHP Notice:  Undefined variable: zodiac in /home/httpd/app/templates/user_create_input.html on line 42
[19-Sep-2023 15:54:24 Asia/Tokyo] PHP Notice:  Undefined variable: zodiac in /home/httpd/app/templates/user_create_input.html on line 42
[19-Sep-2023 15:54:24 Asia/Tokyo] PHP Notice:  Undefined variable: zodiac in /home/httpd/app/templates/user_create_input.html on line 42
[19-Sep-2023 15:54:24 Asia/Tokyo] PHP Notice:  Undefined variable: zodiac in /home/httpd/app/templates/user_create_input.html on line 42
[19-Sep-2023 15:54:24 Asia/Tokyo] PHP Notice:  Undefined variable: zodiac in /home/httpd/app/templates/user_create_input.html on line 42
[19-Sep-2023 15:54:24 Asia/Tokyo] PHP Notice:  Undefined variable: zodiac in /home/httpd/app/templates/user_create_input.html on line 42
[19-Sep-2023 15:54:24 Asia/Tokyo] PHP Notice:  Undefined variable: notice in /home/httpd/app/templates/user_create_input.html on line 50
[19-Sep-2023 16:05:22 Asia/Tokyo] PHP Notice:  Undefined index:  in /home/httpd/app/src/functions.php on line 75
[19-Sep-2023 16:05:24 Asia/Tokyo] PHP Notice:  Undefined variable: name in /home/httpd/app/templates/user_create_input.html on line 18
[19-Sep-2023 16:05:24 Asia/Tokyo] PHP Notice:  Undefined variable: userType in /home/httpd/app/templates/user_create_input.html on line 30
[19-Sep-2023 16:05:24 Asia/Tokyo] PHP Notice:  Undefined variable: userType in /home/httpd/app/templates/user_create_input.html on line 32
[19-Sep-2023 16:05:24 Asia/Tokyo] PHP Notice:  Undefined variable: zodiac in /home/httpd/app/templates/user_create_input.html on line 42
[19-Sep-2023 16:05:24 Asia/Tokyo] PHP Notice:  Undefined variable: zodiac in /home/httpd/app/templates/user_create_input.html on line 42
[19-Sep-2023 16:05:24 Asia/Tokyo] PHP Notice:  Undefined variable: zodiac in /home/httpd/app/templates/user_create_input.html on line 42
[19-Sep-2023 16:05:24 Asia/Tokyo] PHP Notice:  Undefined variable: zodiac in /home/httpd/app/templates/user_create_input.html on line 42
[19-Sep-2023 16:05:24 Asia/Tokyo] PHP Notice:  Undefined variable: zodiac in /home/httpd/app/templates/user_create_input.html on line 42
[19-Sep-2023 16:05:24 Asia/Tokyo] PHP Notice:  Undefined variable: zodiac in /home/httpd/app/templates/user_create_input.html on line 42
[19-Sep-2023 16:05:24 Asia/Tokyo] PHP Notice:  Undefined variable: zodiac in /home/httpd/app/templates/user_create_input.html on line 42
[19-Sep-2023 16:05:24 Asia/Tokyo] PHP Notice:  Undefined variable: zodiac in /home/httpd/app/templates/user_create_input.html on line 42
[19-Sep-2023 16:05:24 Asia/Tokyo] PHP Notice:  Undefined variable: zodiac in /home/httpd/app/templates/user_create_input.html on line 42
[19-Sep-2023 16:05:24 Asia/Tokyo] PHP Notice:  Undefined variable: zodiac in /home/httpd/app/templates/user_create_input.html on line 42
[19-Sep-2023 16:05:24 Asia/Tokyo] PHP Notice:  Undefined variable: zodiac in /home/httpd/app/templates/user_create_input.html on line 42
[19-Sep-2023 16:05:24 Asia/Tokyo] PHP Notice:  Undefined variable: zodiac in /home/httpd/app/templates/user_create_input.html on line 42
[19-Sep-2023 16:05:24 Asia/Tokyo] PHP Notice:  Undefined variable: notice in /home/httpd/app/templates/user_create_input.html on line 50
[2023-09-19 16:05:34] functon addメソッド内※エラー：入力された名前の文字数（51）$name：123456789012345678901234567890123456789012345678901$email：$userType：1$zodiac:1$notice:0[19-Sep-2023 16:07:14 Asia/Tokyo] PHP Notice:  Undefined variable: name in /home/httpd/app/templates/user_create_input.html on line 18
[19-Sep-2023 16:07:14 Asia/Tokyo] PHP Notice:  Undefined variable: userType in /home/httpd/app/templates/user_create_input.html on line 30
[19-Sep-2023 16:07:14 Asia/Tokyo] PHP Notice:  Undefined variable: userType in /home/httpd/app/templates/user_create_input.html on line 32
[19-Sep-2023 16:07:14 Asia/Tokyo] PHP Notice:  Undefined variable: zodiac in /home/httpd/app/templates/user_create_input.html on line 42
[19-Sep-2023 16:07:14 Asia/Tokyo] PHP Notice:  Undefined variable: zodiac in /home/httpd/app/templates/user_create_input.html on line 42
[19-Sep-2023 16:07:14 Asia/Tokyo] PHP Notice:  Undefined variable: zodiac in /home/httpd/app/templates/user_create_input.html on line 42
[19-Sep-2023 16:07:14 Asia/Tokyo] PHP Notice:  Undefined variable: zodiac in /home/httpd/app/templates/user_create_input.html on line 42
[19-Sep-2023 16:07:14 Asia/Tokyo] PHP Notice:  Undefined variable: zodiac in /home/httpd/app/templates/user_create_input.html on line 42
[19-Sep-2023 16:07:14 Asia/Tokyo] PHP Notice:  Undefined variable: zodiac in /home/httpd/app/templates/user_create_input.html on line 42
[19-Sep-2023 16:07:14 Asia/Tokyo] PHP Notice:  Undefined variable: zodiac in /home/httpd/app/templates/user_create_input.html on line 42
[19-Sep-2023 16:07:14 Asia/Tokyo] PHP Notice:  Undefined variable: zodiac in /home/httpd/app/templates/user_create_input.html on line 42
[19-Sep-2023 16:07:14 Asia/Tokyo] PHP Notice:  Undefined variable: zodiac in /home/httpd/app/templates/user_create_input.html on line 42
[19-Sep-2023 16:07:14 Asia/Tokyo] PHP Notice:  Undefined variable: zodiac in /home/httpd/app/templates/user_create_input.html on line 42
[19-Sep-2023 16:07:14 Asia/Tokyo] PHP Notice:  Undefined variable: zodiac in /home/httpd/app/templates/user_create_input.html on line 42
[19-Sep-2023 16:07:14 Asia/Tokyo] PHP Notice:  Undefined variable: zodiac in /home/httpd/app/templates/user_create_input.html on line 42
[19-Sep-2023 16:07:14 Asia/Tokyo] PHP Notice:  Undefined variable: notice in /home/httpd/app/templates/user_create_input.html on line 50
[2023-09-19 16:07:29] functon addメソッド内※エラー：入力された名前の文字数（51）<\n>$name：123456789012345678901234567890123456789012345678901$email：admin@example.co.jp$userType：1$zodiac:2$notice:0[19-Sep-2023 16:08:47 Asia/Tokyo] PHP Notice:  Undefined variable: name in /home/httpd/app/templates/user_create_input.html on line 18
[19-Sep-2023 16:08:47 Asia/Tokyo] PHP Notice:  Undefined variable: userType in /home/httpd/app/templates/user_create_input.html on line 30
[19-Sep-2023 16:08:47 Asia/Tokyo] PHP Notice:  Undefined variable: userType in /home/httpd/app/templates/user_create_input.html on line 32
[19-Sep-2023 16:08:47 Asia/Tokyo] PHP Notice:  Undefined variable: zodiac in /home/httpd/app/templates/user_create_input.html on line 42
[19-Sep-2023 16:08:47 Asia/Tokyo] PHP Notice:  Undefined variable: zodiac in /home/httpd/app/templates/user_create_input.html on line 42
[19-Sep-2023 16:08:47 Asia/Tokyo] PHP Notice:  Undefined variable: zodiac in /home/httpd/app/templates/user_create_input.html on line 42
[19-Sep-2023 16:08:47 Asia/Tokyo] PHP Notice:  Undefined variable: zodiac in /home/httpd/app/templates/user_create_input.html on line 42
[19-Sep-2023 16:08:47 Asia/Tokyo] PHP Notice:  Undefined variable: zodiac in /home/httpd/app/templates/user_create_input.html on line 42
[19-Sep-2023 16:08:47 Asia/Tokyo] PHP Notice:  Undefined variable: zodiac in /home/httpd/app/templates/user_create_input.html on line 42
[19-Sep-2023 16:08:47 Asia/Tokyo] PHP Notice:  Undefined variable: zodiac in /home/httpd/app/templates/user_create_input.html on line 42
[19-Sep-2023 16:08:47 Asia/Tokyo] PHP Notice:  Undefined variable: zodiac in /home/httpd/app/templates/user_create_input.html on line 42
[19-Sep-2023 16:08:47 Asia/Tokyo] PHP Notice:  Undefined variable: zodiac in /home/httpd/app/templates/user_create_input.html on line 42
[19-Sep-2023 16:08:47 Asia/Tokyo] PHP Notice:  Undefined variable: zodiac in /home/httpd/app/templates/user_create_input.html on line 42
[19-Sep-2023 16:08:47 Asia/Tokyo] PHP Notice:  Undefined variable: zodiac in /home/httpd/app/templates/user_create_input.html on line 42
[19-Sep-2023 16:08:47 Asia/Tokyo] PHP Notice:  Undefined variable: zodiac in /home/httpd/app/templates/user_create_input.html on line 42
[19-Sep-2023 16:08:47 Asia/Tokyo] PHP Notice:  Undefined variable: notice in /home/httpd/app/templates/user_create_input.html on line 50
[2023-09-19 16:08:58] functon addメソッド内※エラー：入力された名前の文字数（51）
$name：123456789012345678901234567890123456789012345678901$email：admin@example.co.jp$userType：1$zodiac:1$notice:1[19-Sep-2023 16:22:26 Asia/Tokyo] PHP Notice:  Undefined variable: name in /home/httpd/app/templates/user_create_input.html on line 18
[19-Sep-2023 16:22:26 Asia/Tokyo] PHP Notice:  Undefined variable: userType in /home/httpd/app/templates/user_create_input.html on line 30
[19-Sep-2023 16:22:26 Asia/Tokyo] PHP Notice:  Undefined variable: userType in /home/httpd/app/templates/user_create_input.html on line 32
[19-Sep-2023 16:22:26 Asia/Tokyo] PHP Notice:  Undefined variable: zodiac in /home/httpd/app/templates/user_create_input.html on line 42
[19-Sep-2023 16:22:26 Asia/Tokyo] PHP Notice:  Undefined variable: zodiac in /home/httpd/app/templates/user_create_input.html on line 42
[19-Sep-2023 16:22:26 Asia/Tokyo] PHP Notice:  Undefined variable: zodiac in /home/httpd/app/templates/user_create_input.html on line 42
[19-Sep-2023 16:22:26 Asia/Tokyo] PHP Notice:  Undefined variable: zodiac in /home/httpd/app/templates/user_create_input.html on line 42
[19-Sep-2023 16:22:26 Asia/Tokyo] PHP Notice:  Undefined variable: zodiac in /home/httpd/app/templates/user_create_input.html on line 42
[19-Sep-2023 16:22:26 Asia/Tokyo] PHP Notice:  Undefined variable: zodiac in /home/httpd/app/templates/user_create_input.html on line 42
[19-Sep-2023 16:22:26 Asia/Tokyo] PHP Notice:  Undefined variable: zodiac in /home/httpd/app/templates/user_create_input.html on line 42
[19-Sep-2023 16:22:26 Asia/Tokyo] PHP Notice:  Undefined variable: zodiac in /home/httpd/app/templates/user_create_input.html on line 42
[19-Sep-2023 16:22:26 Asia/Tokyo] PHP Notice:  Undefined variable: zodiac in /home/httpd/app/templates/user_create_input.html on line 42
[19-Sep-2023 16:22:26 Asia/Tokyo] PHP Notice:  Undefined variable: zodiac in /home/httpd/app/templates/user_create_input.html on line 42
[19-Sep-2023 16:22:26 Asia/Tokyo] PHP Notice:  Undefined variable: zodiac in /home/httpd/app/templates/user_create_input.html on line 42
[19-Sep-2023 16:22:26 Asia/Tokyo] PHP Notice:  Undefined variable: zodiac in /home/httpd/app/templates/user_create_input.html on line 42
[19-Sep-2023 16:22:26 Asia/Tokyo] PHP Notice:  Undefined variable: notice in /home/httpd/app/templates/user_create_input.html on line 50
[19-Sep-2023 16:25:35 Asia/Tokyo] PHP Notice:  Undefined variable: name in /home/httpd/app/templates/user_create_input.html on line 18
[19-Sep-2023 16:25:35 Asia/Tokyo] PHP Notice:  Undefined variable: userType in /home/httpd/app/templates/user_create_input.html on line 30
[19-Sep-2023 16:25:35 Asia/Tokyo] PHP Notice:  Undefined variable: userType in /home/httpd/app/templates/user_create_input.html on line 32
[19-Sep-2023 16:25:35 Asia/Tokyo] PHP Notice:  Undefined variable: zodiac in /home/httpd/app/templates/user_create_input.html on line 42
[19-Sep-2023 16:25:35 Asia/Tokyo] PHP Notice:  Undefined variable: zodiac in /home/httpd/app/templates/user_create_input.html on line 42
[19-Sep-2023 16:25:35 Asia/Tokyo] PHP Notice:  Undefined variable: zodiac in /home/httpd/app/templates/user_create_input.html on line 42
[19-Sep-2023 16:25:35 Asia/Tokyo] PHP Notice:  Undefined variable: zodiac in /home/httpd/app/templates/user_create_input.html on line 42
[19-Sep-2023 16:25:35 Asia/Tokyo] PHP Notice:  Undefined variable: zodiac in /home/httpd/app/templates/user_create_input.html on line 42
[19-Sep-2023 16:25:35 Asia/Tokyo] PHP Notice:  Undefined variable: zodiac in /home/httpd/app/templates/user_create_input.html on line 42
[19-Sep-2023 16:25:35 Asia/Tokyo] PHP Notice:  Undefined variable: zodiac in /home/httpd/app/templates/user_create_input.html on line 42
[19-Sep-2023 16:25:35 Asia/Tokyo] PHP Notice:  Undefined variable: zodiac in /home/httpd/app/templates/user_create_input.html on line 42
[19-Sep-2023 16:25:35 Asia/Tokyo] PHP Notice:  Undefined variable: zodiac in /home/httpd/app/templates/user_create_input.html on line 42
[19-Sep-2023 16:25:35 Asia/Tokyo] PHP Notice:  Undefined variable: zodiac in /home/httpd/app/templates/user_create_input.html on line 42
[19-Sep-2023 16:25:35 Asia/Tokyo] PHP Notice:  Undefined variable: zodiac in /home/httpd/app/templates/user_create_input.html on line 42
[19-Sep-2023 16:25:35 Asia/Tokyo] PHP Notice:  Undefined variable: zodiac in /home/httpd/app/templates/user_create_input.html on line 42
[19-Sep-2023 16:25:35 Asia/Tokyo] PHP Notice:  Undefined variable: notice in /home/httpd/app/templates/user_create_input.html on line 50
error_logの確認[2023-09-19 17:28:34] functon addメソッド内※エラー：入力された名前の文字数（51）
$name：123456789012345678901234567890123456789012345678901$email：$userType：1$zodiac:$notice:0[19-Sep-2023 17:29:10 Asia/Tokyo] PHP Notice:  Undefined variable: name in /home/httpd/app/templates/user_create_input.html on line 18
[19-Sep-2023 17:29:10 Asia/Tokyo] PHP Notice:  Undefined variable: userType in /home/httpd/app/templates/user_create_input.html on line 30
[19-Sep-2023 17:29:10 Asia/Tokyo] PHP Notice:  Undefined variable: userType in /home/httpd/app/templates/user_create_input.html on line 32
[19-Sep-2023 17:29:10 Asia/Tokyo] PHP Notice:  Undefined variable: zodiac in /home/httpd/app/templates/user_create_input.html on line 42
[19-Sep-2023 17:29:10 Asia/Tokyo] PHP Notice:  Undefined variable: zodiac in /home/httpd/app/templates/user_create_input.html on line 42
[19-Sep-2023 17:29:10 Asia/Tokyo] PHP Notice:  Undefined variable: zodiac in /home/httpd/app/templates/user_create_input.html on line 42
[19-Sep-2023 17:29:10 Asia/Tokyo] PHP Notice:  Undefined variable: zodiac in /home/httpd/app/templates/user_create_input.html on line 42
[19-Sep-2023 17:29:10 Asia/Tokyo] PHP Notice:  Undefined variable: zodiac in /home/httpd/app/templates/user_create_input.html on line 42
[19-Sep-2023 17:29:10 Asia/Tokyo] PHP Notice:  Undefined variable: zodiac in /home/httpd/app/templates/user_create_input.html on line 42
[19-Sep-2023 17:29:10 Asia/Tokyo] PHP Notice:  Undefined variable: zodiac in /home/httpd/app/templates/user_create_input.html on line 42
[19-Sep-2023 17:29:10 Asia/Tokyo] PHP Notice:  Undefined variable: zodiac in /home/httpd/app/templates/user_create_input.html on line 42
[19-Sep-2023 17:29:10 Asia/Tokyo] PHP Notice:  Undefined variable: zodiac in /home/httpd/app/templates/user_create_input.html on line 42
[19-Sep-2023 17:29:10 Asia/Tokyo] PHP Notice:  Undefined variable: zodiac in /home/httpd/app/templates/user_create_input.html on line 42
[19-Sep-2023 17:29:10 Asia/Tokyo] PHP Notice:  Undefined variable: zodiac in /home/httpd/app/templates/user_create_input.html on line 42
[19-Sep-2023 17:29:10 Asia/Tokyo] PHP Notice:  Undefined variable: zodiac in /home/httpd/app/templates/user_create_input.html on line 42
[19-Sep-2023 17:29:10 Asia/Tokyo] PHP Notice:  Undefined variable: notice in /home/httpd/app/templates/user_create_input.html on line 50
[19-Sep-2023 17:29:16 Asia/Tokyo] PHP Notice:  Undefined index:  in /home/httpd/app/src/functions.php on line 18
[2023-09-19 17:29:18] functon addメソッド内※エラー：入力された名前の文字数（51）
$name：123456789012345678901234567890123456789012345678901$email：admin@example.co.jp$userType：1$zodiac:$notice:0[2023-09-19 17:30:10] functon addメソッド内※エラー：入力された名前の文字数（51）
$name：123456789012345678901234567890123456789012345678901$email：$userType：1$zodiac:$notice:0[2023-09-19 17:31:14] functon addメソッド内※エラー：入力された名前の文字数（51）
$name：123456789012345678901234567890123456789012345678901$email：admin@example.co.jp$userType：1$zodiac:$notice:0[2023-09-19 17:33:23] functon addメソッド内※エラー：入力された名前の文字数（51）
$name：123456789012345678901234567890123456789012345678901$email：$userType：1$zodiac:$notice:0
[2023-09-19 17:34:03] functon addメソッド内※エラー：入力された名前の文字数（51）
$name：123456789012345678901234567890123456789012345678901$email：$userType：1$zodiac:$notice:0
[2023-09-19 17:35:42] functon addメソッド内※エラー：入力された名前の文字数（51）
$name：123456789012345678901234567890123456789012345678901$email：$userType：1$zodiac:$notice:0
